Wake UP AND PARTY Cliffton the Cat
Cliffton the Cat is waking up.
Wake UP AND PARTY Tyreek the Tiger
Tyreek the Tiger is waking up.
Wake UP AND PARTY Larry the Lion
Larry the Lion is waking up.
Wake UP AND PARTY Dick the Dog
Dick the Dog is waking up.
Wake UP AND PARTY Wakanda the Wolf
Wakanda the Wolf is waking up.
Wake UP AND PARTY Elric the Elephant
Elric the Elephant is waking up.
Wake UP AND PARTY Hohenheim the Hippo
Hohenheim the Hippo is waking up.
Wake UP AND PARTY Rhydon the Rhino
Rhydon the Rhino is waking up.
LETS GIVE IT UP FOR Cliffton the Cat
Cliffton the Cat running around getting tired!
TIME TO EXCERCISE Cliffton the Cat
Cliffton the Cat roams around with a prowl.
LETS GIVE IT UP FOR Tyreek the Tiger
Tyreek the Tiger starts to 'ROOOOOOOAR'
TIME TO EXCERCISE Tyreek the Tiger
Tyreek the Tiger running around getting tired!
LETS GIVE IT UP FOR Larry the Lion
Larry the Lion 'ROOOOOOOOARSSS'
TIME TO EXCERCISE Larry the Lion
Larry the Lion running around getting tired!
LETS GIVE IT UP FOR Dick the Dog
Dick the Dog starts to 'WOOF WOOF'
TIME TO EXCERCISE Dick the Dog
Dick the Dog running around getting tired!
LETS GIVE IT UP FOR Wakanda the Wolf
Wakanda the Wolf starts to 'WOOOOOOOOOOOOO'
TIME TO EXCERCISE Wakanda the Wolf
Wakanda the Wolf running around getting tired!
LETS GIVE IT UP FOR Elric the Elephant
Elric the Elephant starts to 'WRYYYYYYYYY'
TIME TO EXCERCISE Elric the Elephant
Elric the Elephant running around getting tired!
LETS GIVE IT UP FOR Hohenheim the Hippo
Hohenheim the Hippo starts to 'AWOOOOOOO'
TIME TO EXCERCISE Hohenheim the Hippo
Hohenheim the Hippo running around getting tired!
LETS GIVE IT UP FOR Rhydon the Rhino
Rhydon the Rhino is grunting
TIME TO EXCERCISE Rhydon the Rhino
Rhydon the Rhino running around getting tired!
EVERYBODY TIME TO GO NIGHT NIGHT Cliffton the Cat to sleep
Cliffton the Cat HISSES!
EVERYBODY TIME TO GO NIGHT NIGHT Tyreek the Tiger to sleep
Tyreek the Tiger is sleeping.
EVERYBODY TIME TO GO NIGHT NIGHT Larry the Lion to sleep
Larry the Lion is sleeping.
EVERYBODY TIME TO GO NIGHT NIGHT Dick the Dog to sleep
Dick the Dog is sleeping.
EVERYBODY TIME TO GO NIGHT NIGHT Wakanda the Wolf to sleep
Wakanda the Wolf is sleeping.
EVERYBODY TIME TO GO NIGHT NIGHT Elric the Elephant to sleep
Elric the Elephant is sleeping.
EVERYBODY TIME TO GO NIGHT NIGHT Hohenheim the Hippo to sleep
Hohenheim the Hippo is sleeping.
EVERYBODY TIME TO GO NIGHT NIGHT Rhydon the Rhino to sleep
Rhydon the Rhino is sleeping.
